10:00:14.871 [main] INFO  testcases.Accountregtest - ***** Started Acoountregtest   *****
10:00:15.667 [main] INFO  testcases.Accountregtest - clicked on signup
10:00:15.675 [main] INFO  testcases.Accountregtest - Please enter all the required details
10:00:18.394 [main] INFO  testcases.Accountregtest - Alldetails entered and clicked on submit
10:00:18.444 [main] INFO  testcases.Accountregtest - test success
10:01:55.948 [main] DEBUG io.netty.util.internal.logging.InternalLoggerFactory - Using Log4J2 as the default logging framework
10:01:55.956 [main] DEBUG io.netty.util.ResourceLeakDetector - -Dio.netty.leakDetection.level: simple
10:01:55.957 [main] DEBUG io.netty.util.ResourceLeakDetector - -Dio.netty.leakDetection.targetRecords: 4
10:01:55.960 [main] DEBUG io.netty.util.ResourceLeakDetectorFactory - Loaded default ResourceLeakDetector: io.netty.util.ResourceLeakDetector@b558294
10:01:55.980 [main] DEBUG io.netty.util.internal.PlatformDependent0 - -Dio.netty.noUnsafe: false
10:01:55.980 [main] DEBUG io.netty.util.internal.PlatformDependent0 - Java version: 19
10:01:55.981 [main] DEBUG io.netty.util.internal.PlatformDependent0 - sun.misc.Unsafe.theUnsafe: available
10:01:55.982 [main] DEBUG io.netty.util.internal.PlatformDependent0 - sun.misc.Unsafe.copyMemory: available
10:01:55.983 [main] DEBUG io.netty.util.internal.PlatformDependent0 - sun.misc.Unsafe.storeFence: available
10:01:55.984 [main] DEBUG io.netty.util.internal.PlatformDependent0 - java.nio.Buffer.address: available
10:01:55.985 [main] DEBUG io.netty.util.internal.PlatformDependent0 - direct buffer constructor: unavailable: Reflective setAccessible(true) disabled
10:01:55.986 [main] DEBUG io.netty.util.internal.PlatformDependent0 - java.nio.Bits.unaligned: available, true
10:01:55.987 [main] DEBUG io.netty.util.internal.PlatformDependent0 - jdk.internal.misc.Unsafe.allocateUninitializedArray(int): unavailable: class io.netty.util.internal.PlatformDependent0$7 cannot access class jdk.internal.misc.Unsafe (in module java.base) because module java.base does not export jdk.internal.misc to unnamed module @1ed6993a
10:01:55.989 [main] DEBUG io.netty.util.internal.PlatformDependent0 - java.nio.DirectByteBuffer.<init>(long, int): unavailable
10:01:55.989 [main] DEBUG io.netty.util.internal.PlatformDependent - sun.misc.Unsafe: available
10:01:55.990 [main] DEBUG io.netty.util.internal.PlatformDependent - maxDirectMemory: 2086666240 bytes (maybe)
10:01:55.990 [main] DEBUG io.netty.util.internal.PlatformDependent - -Dio.netty.tmpdir: C:\Users\venky\AppData\Local\Temp (java.io.tmpdir)
10:01:55.990 [main] DEBUG io.netty.util.internal.PlatformDependent - -Dio.netty.bitMode: 64 (sun.arch.data.model)
10:01:55.990 [main] DEBUG io.netty.util.internal.PlatformDependent - Platform: Windows
10:01:55.991 [main] DEBUG io.netty.util.internal.PlatformDependent - -Dio.netty.maxDirectMemory: -1 bytes
10:01:55.991 [main] DEBUG io.netty.util.internal.PlatformDependent - -Dio.netty.uninitializedArrayAllocationThreshold: -1
10:01:55.993 [main] DEBUG io.netty.util.internal.CleanerJava9 - java.nio.ByteBuffer.cleaner(): available
10:01:55.994 [main] DEBUG io.netty.util.internal.PlatformDependent - -Dio.netty.noPreferDirect: false
10:01:56.001 [main] DEBUG io.netty.util.internal.PlatformDependent - org.jctools-core.MpscChunkedArrayQueue: available
10:01:56.025 [main] DEBUG io.netty.util.internal.InternalThreadLocalMap - -Dio.netty.threadLocalMap.stringBuilder.initialSize: 1024
10:01:56.025 [main] DEBUG io.netty.util.internal.InternalThreadLocalMap - -Dio.netty.threadLocalMap.stringBuilder.maxSize: 4096
10:01:56.111 [main] DEBUG io.netty.handler.ssl.JdkSslContext - Default protocols (JDK): [TLSv1.3, TLSv1.2] 
10:01:56.111 [main] DEBUG io.netty.handler.ssl.JdkSslContext - Default cipher suites (JDK): [TLS_ECDHE_ECDSA_WITH_AES_256_GCM_SHA384, TLS_ECDHE_ECDSA_WITH_AES_128_GCM_SHA256, TLS_ECDHE_RSA_WITH_AES_128_GCM_SHA256, TLS_ECDHE_RSA_WITH_AES_256_GCM_SHA384, TLS_ECDHE_RSA_WITH_AES_128_CBC_SHA, TLS_ECDHE_RSA_WITH_AES_256_CBC_SHA, TLS_RSA_WITH_AES_128_GCM_SHA256, TLS_RSA_WITH_AES_128_CBC_SHA, TLS_RSA_WITH_AES_256_CBC_SHA, TLS_AES_128_GCM_SHA256, TLS_AES_256_GCM_SHA384]
10:01:56.136 [main] DEBUG io.netty.channel.MultithreadEventLoopGroup - -Dio.netty.eventLoopThreads: 16
10:01:56.144 [main] DEBUG io.netty.channel.nio.NioEventLoop - -Dio.netty.noKeySetOptimization: false
10:01:56.145 [main] DEBUG io.netty.channel.nio.NioEventLoop - -Dio.netty.selectorAutoRebuildThreshold: 512
10:01:56.202 [main] DEBUG io.netty.buffer.PooledByteBufAllocator - -Dio.netty.allocator.numHeapArenas: 16
10:01:56.202 [main] DEBUG io.netty.buffer.PooledByteBufAllocator - -Dio.netty.allocator.numDirectArenas: 16
10:01:56.203 [main] DEBUG io.netty.buffer.PooledByteBufAllocator - -Dio.netty.allocator.pageSize: 8192
10:01:56.203 [main] DEBUG io.netty.buffer.PooledByteBufAllocator - -Dio.netty.allocator.maxOrder: 9
10:01:56.203 [main] DEBUG io.netty.buffer.PooledByteBufAllocator - -Dio.netty.allocator.chunkSize: 4194304
10:01:56.203 [main] DEBUG io.netty.buffer.PooledByteBufAllocator - -Dio.netty.allocator.smallCacheSize: 256
10:01:56.203 [main] DEBUG io.netty.buffer.PooledByteBufAllocator - -Dio.netty.allocator.normalCacheSize: 64
10:01:56.204 [main] DEBUG io.netty.buffer.PooledByteBufAllocator - -Dio.netty.allocator.maxCachedBufferCapacity: 32768
10:01:56.204 [main] DEBUG io.netty.buffer.PooledByteBufAllocator - -Dio.netty.allocator.cacheTrimInterval: 8192
10:01:56.204 [main] DEBUG io.netty.buffer.PooledByteBufAllocator - -Dio.netty.allocator.cacheTrimIntervalMillis: 0
10:01:56.204 [main] DEBUG io.netty.buffer.PooledByteBufAllocator - -Dio.netty.allocator.useCacheForAllThreads: false
10:01:56.204 [main] DEBUG io.netty.buffer.PooledByteBufAllocator - -Dio.netty.allocator.maxCachedByteBuffersPerChunk: 1023
10:01:56.217 [main] DEBUG io.netty.buffer.ByteBufUtil - -Dio.netty.allocator.type: pooled
10:01:56.217 [main] DEBUG io.netty.buffer.ByteBufUtil - -Dio.netty.threadLocalDirectBufferSize: 0
10:01:56.217 [main] DEBUG io.netty.buffer.ByteBufUtil - -Dio.netty.maxThreadLocalCharBufferSize: 16384
10:01:58.237 [Forwarding newSession on session null to remote] DEBUG io.netty.channel.DefaultChannelId - -Dio.netty.processId: 27920 (auto-detected)
10:01:58.239 [Forwarding newSession on session null to remote] DEBUG io.netty.util.NetUtil - -Djava.net.preferIPv4Stack: false
10:01:58.239 [Forwarding newSession on session null to remote] DEBUG io.netty.util.NetUtil - -Djava.net.preferIPv6Addresses: false
10:01:58.247 [Forwarding newSession on session null to remote] DEBUG io.netty.util.NetUtilInitializations - Loopback interface: lo (Software Loopback Interface 1, 127.0.0.1)
10:01:58.248 [Forwarding newSession on session null to remote] DEBUG io.netty.util.NetUtil - Failed to get SOMAXCONN from sysctl and file \proc\sys\net\core\somaxconn. Default: 200
10:01:58.275 [Forwarding newSession on session null to remote] DEBUG io.netty.channel.DefaultChannelId - -Dio.netty.machineId: e8:6f:38:ff:fe:cc:b2:71 (auto-detected)
10:01:58.331 [AsyncHttpClient-1-2] DEBUG io.netty.buffer.AbstractByteBuf - -Dio.netty.buffer.checkAccessible: true
10:01:58.332 [AsyncHttpClient-1-2] DEBUG io.netty.buffer.AbstractByteBuf - -Dio.netty.buffer.checkBounds: true
10:01:58.332 [AsyncHttpClient-1-2] DEBUG io.netty.util.ResourceLeakDetectorFactory - Loaded default ResourceLeakDetector: io.netty.util.ResourceLeakDetector@6dc144c7
10:01:58.358 [AsyncHttpClient-1-2] DEBUG io.netty.util.Recycler - -Dio.netty.recycler.maxCapacityPerThread: 4096
10:01:58.359 [AsyncHttpClient-1-2] DEBUG io.netty.util.Recycler - -Dio.netty.recycler.ratio: 8
10:01:58.359 [AsyncHttpClient-1-2] DEBUG io.netty.util.Recycler - -Dio.netty.recycler.chunkSize: 32
10:01:58.359 [AsyncHttpClient-1-2] DEBUG io.netty.util.Recycler - -Dio.netty.recycler.blocking: false
10:01:59.474 [AsyncHttpClient-1-2] DEBUG io.netty.handler.codec.compression.Brotli - brotli4j not in the classpath; Brotli support will be unavailable.
10:01:59.647 [main] DEBUG io.netty.util.internal.ThreadLocalRandom - -Dio.netty.initialSeedUniquifier: 0x37d099ac0f90217d
10:02:04.648 [main] DEBUG testcases.Accountregtest - application logs
10:02:04.648 [main] INFO  testcases.Accountregtest - ***** Started Acoountregtest   *****
10:02:05.410 [main] INFO  testcases.Accountregtest - clicked on signup
10:02:05.418 [main] INFO  testcases.Accountregtest - Please enter all the required details
10:02:07.091 [main] INFO  testcases.Accountregtest - Alldetails entered and clicked on submit
10:02:07.141 [main] INFO  testcases.Accountregtest - test success
10:50:27.129 [main] INFO  testcases.Accountregtest - ***** Started Acoountregtest   *****
10:50:27.825 [main] INFO  testcases.Accountregtest - clicked on signup
10:50:27.832 [main] INFO  testcases.Accountregtest - Please enter all the required details
10:50:29.467 [main] INFO  testcases.Accountregtest - Alldetails entered and clicked on submit
10:50:29.523 [main] INFO  testcases.Accountregtest - test success
11:02:30.091 [main] INFO  testcases.Accountregtest - ***** Started Acoountregtest   *****
11:02:30.844 [main] INFO  testcases.Accountregtest - clicked on signup
11:02:30.851 [main] INFO  testcases.Accountregtest - Please enter all the required details
11:02:33.619 [main] INFO  testcases.Accountregtest - Alldetails entered and clicked on submit
11:02:33.666 [main] INFO  testcases.Accountregtest - test success
11:05:19.120 [TestNG-tests-1] INFO  testcases.Accountregtest - ***** Started Acoountregtest   *****
11:05:19.892 [TestNG-tests-1] INFO  testcases.Accountregtest - clicked on signup
11:05:19.900 [TestNG-tests-1] INFO  testcases.Accountregtest - Please enter all the required details
11:05:21.536 [TestNG-tests-1] INFO  testcases.Accountregtest - Alldetails entered and clicked on submit
11:05:21.586 [TestNG-tests-1] INFO  testcases.Accountregtest - test success
11:07:04.484 [TestNG-tests-1] INFO  testcases.Accountregtest - ***** Started Acoountregtest   *****
11:07:05.110 [TestNG-tests-1] INFO  testcases.Accountregtest - clicked on signup
11:07:05.113 [TestNG-tests-1] INFO  testcases.Accountregtest - Please enter all the required details
11:07:06.374 [TestNG-tests-1] INFO  testcases.Accountregtest - Alldetails entered and clicked on submit
11:07:06.407 [TestNG-tests-1] INFO  testcases.Accountregtest - test success
11:10:56.545 [main] INFO  testcases.Accountregtest - ***** Started Acoountregtest   *****
11:10:57.595 [main] INFO  testcases.Accountregtest - clicked on signup
11:10:57.600 [main] INFO  testcases.Accountregtest - Please enter all the required details
11:10:58.844 [main] INFO  testcases.Accountregtest - Alldetails entered and clicked on submit
11:10:58.875 [main] INFO  testcases.Accountregtest - test success
11:17:00.593 [main] INFO  testcases.Accountregtest - ***** Started Acoountregtest   *****
11:17:01.227 [main] INFO  testcases.Accountregtest - clicked on signup
11:17:01.232 [main] INFO  testcases.Accountregtest - Please enter all the required details
11:17:03.466 [main] INFO  testcases.Accountregtest - Alldetails entered and clicked on submit
11:17:03.501 [main] INFO  testcases.Accountregtest - test success
11:18:28.417 [main] INFO  testcases.Accountregtest - ***** Started Acoountregtest   *****
11:18:29.025 [main] INFO  testcases.Accountregtest - clicked on signup
11:18:29.032 [main] INFO  testcases.Accountregtest - Please enter all the required details
11:18:29.469 [main] INFO  testcases.Accountregtest - Alldetails entered and clicked on submit
11:20:38.082 [main] INFO  testcases.Accountregtest - ***** Started Acoountregtest   *****
11:20:38.104 [main] INFO  testcases.Accountregtest - clicked on signup
11:20:38.109 [main] INFO  testcases.Accountregtest - Please enter all the required details
11:25:35.563 [main] INFO  testcases.Accountregtest - ***** Started Acoountregtest   *****
11:25:35.579 [main] INFO  testcases.Accountregtest - clicked on signup
11:25:35.582 [main] INFO  testcases.Accountregtest - Please enter all the required details
11:26:12.001 [main] INFO  testcases.Accountregtest - ***** Started Acoountregtest   *****
11:26:12.656 [main] INFO  testcases.Accountregtest - clicked on signup
11:26:12.661 [main] INFO  testcases.Accountregtest - Please enter all the required details
11:26:13.118 [main] INFO  testcases.Accountregtest - Alldetails entered and clicked on submit
11:28:14.125 [main] INFO  testcases.Accountregtest - ***** Started Acoountregtest   *****
11:28:14.765 [main] INFO  testcases.Accountregtest - clicked on signup
11:28:14.770 [main] INFO  testcases.Accountregtest - Please enter all the required details
11:28:15.215 [main] INFO  testcases.Accountregtest - Alldetails entered and clicked on submit
11:29:52.815 [main] INFO  testcases.Accountregtest - ***** Started Acoountregtest   *****
11:29:53.473 [main] INFO  testcases.Accountregtest - clicked on signup
11:29:53.478 [main] INFO  testcases.Accountregtest - Please enter all the required details
11:29:53.934 [main] INFO  testcases.Accountregtest - Alldetails entered and clicked on submit
11:31:15.491 [main] INFO  testcases.Accountregtest - ***** Started Acoountregtest   *****
11:31:16.167 [main] INFO  testcases.Accountregtest - clicked on signup
11:31:16.170 [main] INFO  testcases.Accountregtest - Please enter all the required details
11:31:16.626 [main] INFO  testcases.Accountregtest - Alldetails entered and clicked on submit
11:33:15.143 [main] INFO  testcases.Accountregtest - ***** Started Acoountregtest   *****
11:33:15.793 [main] INFO  testcases.Accountregtest - clicked on signup
11:33:15.796 [main] INFO  testcases.Accountregtest - Please enter all the required details
11:33:16.261 [main] INFO  testcases.Accountregtest - Alldetails entered and clicked on submit
11:40:01.750 [main] INFO  testcases.Acc - ****Tc_001_Accountregistrationpage **** 
11:40:02.427 [main] INFO  testcases.Acc - clicked on signup
11:40:02.948 [main] INFO  testcases.Acc - provider registration details
11:40:04.727 [main] INFO  testcases.Acc - clicked on submit
11:40:04.763 [main] INFO  testcases.Acc - finished
11:40:55.907 [main] INFO  testcases.Acc - ****Tc_001_Accountregistrationpage **** 
11:40:56.546 [main] INFO  testcases.Acc - clicked on signup
11:40:56.984 [main] INFO  testcases.Acc - provider registration details
11:40:57.061 [main] INFO  testcases.Acc - clicked on submit
11:44:35.902 [main] INFO  testcases.Acc - ****Tc_001_Accountregistrationpage **** 
11:44:36.538 [main] INFO  testcases.Acc - clicked on signup
11:44:36.951 [main] INFO  testcases.Acc - provider registration details
11:44:37.018 [main] INFO  testcases.Acc - clicked on submit
12:08:43.722 [main] INFO  testcases.Acc - ****Tc_001_Accountregistrationpage **** 
12:08:44.598 [main] INFO  testcases.Acc - clicked on signup
12:08:45.004 [main] INFO  testcases.Acc - provider registration details
12:08:45.069 [main] INFO  testcases.Acc - clicked on submit
15:48:33.784 [main] INFO  testcases.Logintest - test started
15:49:12.649 [main] INFO  testcases.Logintest - test started
16:17:05.793 [main] INFO  testcases.LogintDDT - test started
16:17:14.660 [main] INFO  testcases.LogintDDT - test started
16:17:32.941 [main] INFO  testcases.LogintDDT - test started
16:17:43.965 [main] INFO  testcases.LogintDDT - test started
16:17:49.487 [main] INFO  testcases.LogintDDT - test started
16:21:59.689 [main] INFO  testcases.LogintDDT - test started
16:22:06.950 [main] INFO  testcases.LogintDDT - test started
16:22:12.255 [main] INFO  testcases.LogintDDT - test started
16:22:23.252 [main] INFO  testcases.LogintDDT - test started
16:22:28.795 [main] INFO  testcases.LogintDDT - test started
17:34:57.964 [main] INFO  testcases.Logintest - test started
17:38:07.587 [main] INFO  testcases.Acc - ****Tc_001_Accountregistrationpage **** 
17:38:08.258 [main] INFO  testcases.Acc - clicked on signup
17:38:08.669 [main] INFO  testcases.Acc - provider registration details
17:38:08.736 [main] INFO  testcases.Acc - clicked on submit
17:39:38.602 [main] INFO  testcases.Acc - ****Tc_001_Accountregistrationpage **** 
17:39:39.300 [main] INFO  testcases.Acc - clicked on signup
17:39:39.753 [main] INFO  testcases.Acc - provider registration details
17:39:41.530 [main] INFO  testcases.Acc - clicked on submit
17:39:41.563 [main] INFO  testcases.Acc - finished
17:40:04.765 [main] INFO  testcases.Acc - ****Tc_001_Accountregistrationpage **** 
17:40:05.393 [main] INFO  testcases.Acc - clicked on signup
17:40:05.843 [main] INFO  testcases.Acc - provider registration details
17:40:06.627 [main] INFO  testcases.Acc - clicked on submit
17:40:06.657 [main] INFO  testcases.Acc - finished
17:40:14.459 [main] INFO  testcases.Logintest - test started
17:41:22.018 [main] INFO  testcases.Logintest - test started
17:47:12.905 [main] INFO  testcases.Acc - ****Tc_001_Accountregistrationpage **** 
17:47:13.596 [main] INFO  testcases.Acc - clicked on signup
17:47:14.055 [main] INFO  testcases.Acc - provider registration details
17:47:15.839 [main] INFO  testcases.Acc - clicked on submit
17:47:15.872 [main] INFO  testcases.Acc - finished
17:47:23.717 [main] INFO  testcases.Logintest - test started
17:48:00.807 [main] INFO  testcases.Logintest - test started
17:48:30.391 [main] INFO  testcases.Acc - ****Tc_001_Accountregistrationpage **** 
17:48:31.077 [main] INFO  testcases.Acc - clicked on signup
17:48:31.535 [main] INFO  testcases.Acc - provider registration details
17:48:32.343 [main] INFO  testcases.Acc - clicked on submit
17:48:32.375 [main] INFO  testcases.Acc - finished
17:50:16.035 [main] INFO  testcases.Acc - ****Tc_001_Accountregistrationpage **** 
17:50:16.700 [main] INFO  testcases.Acc - clicked on signup
17:50:17.090 [main] INFO  testcases.Acc - provider registration details
17:50:17.159 [main] INFO  testcases.Acc - clicked on submit
17:51:20.112 [main] INFO  testcases.Acc - ****Tc_001_Accountregistrationpage **** 
17:51:20.785 [main] INFO  testcases.Acc - clicked on signup
17:51:21.244 [main] INFO  testcases.Acc - provider registration details
17:51:23.077 [main] INFO  testcases.Acc - clicked on submit
17:51:23.112 [main] INFO  testcases.Acc - finished
17:52:02.906 [main] INFO  testcases.Acc - ****Tc_001_Accountregistrationpage **** 
17:52:03.525 [main] INFO  testcases.Acc - clicked on signup
17:52:03.986 [main] INFO  testcases.Acc - provider registration details
17:52:04.788 [main] INFO  testcases.Acc - clicked on submit
17:52:04.823 [main] INFO  testcases.Acc - finished
17:52:12.624 [main] INFO  testcases.Logintest - test started
17:56:25.973 [main] INFO  testcases.Acc - ****Tc_001_Accountregistrationpage **** 
17:56:26.639 [main] INFO  testcases.Acc - clicked on signup
17:56:27.096 [main] INFO  testcases.Acc - provider registration details
17:56:28.883 [main] INFO  testcases.Acc - clicked on submit
17:56:28.912 [main] INFO  testcases.Acc - finished
17:56:36.741 [main] INFO  testcases.Logintest - test started
17:57:38.250 [main] INFO  testcases.Acc - ****Tc_001_Accountregistrationpage **** 
17:57:39.132 [main] INFO  testcases.Acc - clicked on signup
17:57:39.631 [main] INFO  testcases.Acc - provider registration details
17:57:40.435 [main] INFO  testcases.Acc - clicked on submit
17:57:40.466 [main] INFO  testcases.Acc - finished
17:57:48.353 [main] INFO  testcases.Logintest - test started
17:58:48.907 [main] INFO  testcases.Acc - ****Tc_001_Accountregistrationpage **** 
17:58:49.810 [main] INFO  testcases.Acc - clicked on signup
17:58:50.293 [main] INFO  testcases.Acc - provider registration details
17:58:51.100 [main] INFO  testcases.Acc - clicked on submit
17:58:51.133 [main] INFO  testcases.Acc - finished
17:58:58.970 [main] INFO  testcases.Logintest - test started
18:03:28.436 [main] INFO  testcases.Acc - ****Tc_001_Accountregistrationpage **** 
18:03:29.358 [main] INFO  testcases.Acc - clicked on signup
18:03:29.854 [main] INFO  testcases.Acc - provider registration details
18:03:31.658 [main] INFO  testcases.Acc - clicked on submit
18:03:31.694 [main] INFO  testcases.Acc - finished
18:03:39.428 [main] INFO  testcases.Logintest - test started
